Emulate Docker CLI using podman. Create /etc/containers/nodocker to quiet msg.
[1/2] STEP 1/5: FROM golang:1.26-alpine AS builder
[1/2] STEP 2/5: WORKDIR /src/services/notification-service
--> Using cache ebfcff9a4da954e83ff39ea5f087c36fc6d2bd33492a0895814612ccc6340275
--> ebfcff9a4da9
[1/2] STEP 3/5: COPY services/notification-service/ /src/services/notification-service/
--> Using cache e8c24836f213ad866a54b3b0f9521084540ec669b7ad197ad11c780dc974c16e
--> e8c24836f213
[1/2] STEP 4/5: COPY submodules/herald/ /src/submodules/herald/
--> Using cache 2efd2da74518b56bbe02bc54dfeb3e244f42870b6a8e8b376bf7a7815bad8983
--> 2efd2da74518
[1/2] STEP 5/5: RUN CGO_ENABLED=0 GOOS=linux GOWORK=off go build -ldflags="-w -s" -o /bin/notification-service ./cmd/notification-service
--> Using cache ced220f1f6bfa09c7f8e7d6cc812d29b9890678fb68f065f71f3e33b7e6ceacd
--> ced220f1f6bf
[2/2] STEP 1/5: FROM gcr.io/distroless/static:nonroot
[2/2] STEP 2/5: COPY --from=builder /bin/notification-service /bin/notification-service
--> Using cache 5bb6403035cb5d1a000df3e406a07074cebbb8253a8aa5a3db81747979fecc6c
--> 5bb6403035cb
[2/2] STEP 3/5: EXPOSE 8080
--> Using cache 293c2d3f0f3f46f0a053000893dc55915800588fdbc069cb01807b1bda4a70d3
--> 293c2d3f0f3f
[2/2] STEP 4/5: USER nonroot:nonroot
--> Using cache 4f669ae5d3c20c22de35c8a8077bb1813370548f07c2e406a4ba5eb5093a07cb
--> 4f669ae5d3c2
[2/2] STEP 5/5: ENTRYPOINT ["/bin/notification-service"]
--> Using cache 53aef00a4b6367119a1e1db882a106d952dcb68f60055d9d95d4248c2d6360e4
[2/2] COMMIT hel002-notification-service:proof
--> 53aef00a4b63
Successfully tagged localhost/hel002-notification-service:proof
53aef00a4b6367119a1e1db882a106d952dcb68f60055d9d95d4248c2d6360e4
